

-------------------------------------------------
CS240: Lab 2b. cs240   
Sat Aug 29 15:19:08 EDT 2015
-------------------------------------------------
test_mystring test1                 : 0   of 3  
test_mystring test2                 : 0   of 3  
test_mystring test3                 : 0   of 3  
test_mystring test4                 : 0   of 3  
test_mystring test5                 : 0   of 3  
test_mystring test6                 : 0   of 3  
test_mystring test7                 : 0   of 3  
-------------------------------------------------
CS240: Lab 2b. cs240 Sat Aug 29 15:19:08 EDT 2015  Total:  0 of 21



-------------------------------------------------
CS240: Lab 2b. cs240   
Sat Aug 29 15:25:50 EDT 2015
-------------------------------------------------
test_mystring test1                 : 3   of 3  
test_mystring test2                 : 3   of 3  
test_mystring test3                 : 3   of 3  
test_mystring test4                 : 3   of 3  
test_mystring test5                 : 3   of 3  
test_mystring test6                 : 3   of 3  
test_mystring test7                 : 3   of 3  
-------------------------------------------------
CS240: Lab 2b. cs240 Sat Aug 29 15:25:50 EDT 2015  Total:  21 of 21



-------------------------------------------------
CS240: Lab 2b. cs240   
Sat Aug 29 15:26:57 EDT 2015
-------------------------------------------------
test_mystring test1                 : 3   of 3  
test_mystring test2                 : 3   of 3  
test_mystring test3                 : 3   of 3  
test_mystring test4                 : 3   of 3  
test_mystring test5                 : 3   of 3  
test_mystring test6                 : 3   of 3  
test_mystring test7                 : 3   of 3  
-------------------------------------------------
CS240: Lab 2b. cs240 Sat Aug 29 15:26:57 EDT 2015  Total:  21 of 21



-------------------------------------------------
CS240: Lab 2b. cs240   
Sat Aug 29 15:27:45 EDT 2015
-------------------------------------------------
test_mystring test1                 : 0   of 3  
test_mystring test2                 : 0   of 3  
test_mystring test3                 : 0   of 3  
test_mystring test4                 : 0   of 3  
test_mystring test5                 : 0   of 3  
test_mystring test6                 : 0   of 3  
test_mystring test7                 : 0   of 3  
-------------------------------------------------
CS240: Lab 2b. cs240 Sat Aug 29 15:27:45 EDT 2015  Total:  0 of 21



-------------------------------------------------
CS240: Lab 2b. cs240   
Sat Aug 29 15:28:05 EDT 2015
-------------------------------------------------
test_mystring test1                 : 0   of 3  
test_mystring test2                 : 0   of 3  
test_mystring test3                 : 0   of 3  
test_mystring test4                 : 0   of 3  
test_mystring test5                 : 0   of 3  
test_mystring test6                 : 0   of 3  
test_mystring test7                 : 0   of 3  
-------------------------------------------------
CS240: Lab 2b. cs240 Sat Aug 29 15:28:05 EDT 2015  Total:  0 of 21



-------------------------------------------------
CS240: Lab 2. arayabha   
Tue Sep  1 13:05:21 EDT 2015
-------------------------------------------------
test_mystring test1                 : 3   of 3  
test_mystring test2                 : 3   of 3  
test_mystring test4                 : 0   of 3  
test_mystring test5                 : 0   of 3  
test_mystring test6                 : 0   of 3  
test_mystring test7                 : 0   of 3  
-------------------------------------------------
CS240: Lab 2. arayabha Tue Sep 1 13:05:21 EDT 2015  Total:  6 of 21



-------------------------------------------------
CS240: Lab 2. arayabha   
Mon Sep  7 17:01:12 EDT 2015
-------------------------------------------------
test_mystring test1                 : 3   of 3  
test_mystring test2                 : 3   of 3  
test_mystring test4                 : 0   of 3  
test_mystring test5                 : 0   of 3  
test_mystring test6                 : 0   of 3  
test_mystring test7                 : 0   of 3  
-------------------------------------------------
CS240: Lab 2. arayabha Mon Sep 7 17:01:12 EDT 2015  Total:  6 of 21



-------------------------------------------------
CS240: Lab 2. arayabha   
Mon Sep  7 17:19:30 EDT 2015
-------------------------------------------------
test_mystring test1                 : 3   of 3  
test_mystring test2                 : 3   of 3  
test_mystring test4                 : 0   of 3  
test_mystring test5                 : 0   of 3  
test_mystring test6                 : 0   of 3  
test_mystring test7                 : 0   of 3  
-------------------------------------------------
CS240: Lab 2. arayabha Mon Sep 7 17:19:30 EDT 2015  Total:  6 of 21



-------------------------------------------------
CS240: Lab 2. arayabha   
Mon Sep  7 17:20:05 EDT 2015
-------------------------------------------------
test_mystring test1                 : 3   of 3  
test_mystring test2                 : 3   of 3  
test_mystring test4                 : 0   of 3  
test_mystring test5                 : 0   of 3  
test_mystring test6                 : 0   of 3  
test_mystring test7                 : 0   of 3  
-------------------------------------------------
CS240: Lab 2. arayabha Mon Sep 7 17:20:05 EDT 2015  Total:  6 of 21



-------------------------------------------------
CS240: Lab 2. arayabha   
Mon Sep  7 17:23:17 EDT 2015
-------------------------------------------------
test_mystring test1                 : 3   of 3  
test_mystring test2                 : 3   of 3  
test_mystring test4                 : 0   of 3  
test_mystring test5                 : 0   of 3  
test_mystring test6                 : 0   of 3  
test_mystring test7                 : 0   of 3  
-------------------------------------------------
CS240: Lab 2. arayabha Mon Sep 7 17:23:17 EDT 2015  Total:  6 of 21



-------------------------------------------------
CS240: Lab 2. arayabha   
Mon Sep  7 17:26:02 EDT 2015
-------------------------------------------------
test_mystring test1                 : 3   of 3  
test_mystring test2                 : 3   of 3  
test_mystring test3                 : 0   of 3  
test_mystring test4                 : 0   of 3  
test_mystring test5                 : 0   of 3  
test_mystring test6                 : 0   of 3  
test_mystring test7                 : 0   of 3  
-------------------------------------------------
CS240: Lab 2. arayabha Mon Sep 7 17:26:02 EDT 2015  Total:  6 of 21



-------------------------------------------------
CS240: Lab 2. arayabha   
Mon Sep  7 17:30:57 EDT 2015
-------------------------------------------------
test_mystring test1                 : 3   of 3  
test_mystring test2                 : 3   of 3  
test_mystring test3                 : 0   of 3  
test_mystring test4                 : 0   of 3  
test_mystring test5                 : 0   of 3  
test_mystring test6                 : 0   of 3  
test_mystring test7                 : 0   of 3  
-------------------------------------------------
CS240: Lab 2. arayabha Mon Sep 7 17:30:57 EDT 2015  Total:  6 of 21



-------------------------------------------------
CS240: Lab 2. arayabha   
Mon Sep  7 19:42:03 EDT 2015
-------------------------------------------------
test_mystring test1                 : 3   of 3  
test_mystring test2                 : 3   of 3  
test_mystring test3                 : 0   of 3  
test_mystring test4                 : 0   of 3  
test_mystring test5                 : 0   of 3  
test_mystring test6                 : 0   of 3  
test_mystring test7                 : 0   of 3  
-------------------------------------------------
CS240: Lab 2. arayabha Mon Sep 7 19:42:03 EDT 2015  Total:  6 of 21



-------------------------------------------------
CS240: Lab 2. arayabha   
Mon Sep  7 19:44:24 EDT 2015
-------------------------------------------------
test_mystring test1                 : 3   of 3  
test_mystring test2                 : 3   of 3  
test_mystring test3                 : 0   of 3  
test_mystring test4                 : 0   of 3  
test_mystring test5                 : 0   of 3  
test_mystring test6                 : 0   of 3  
test_mystring test7                 : 0   of 3  
-------------------------------------------------
CS240: Lab 2. arayabha Mon Sep 7 19:44:24 EDT 2015  Total:  6 of 21



-------------------------------------------------
CS240: Lab 2. arayabha   
Mon Sep  7 19:46:36 EDT 2015
-------------------------------------------------
test_mystring test1                 : 3   of 3  
test_mystring test2                 : 3   of 3  
test_mystring test3                 : 0   of 3  
test_mystring test4                 : 0   of 3  
test_mystring test5                 : 0   of 3  
test_mystring test6                 : 0   of 3  
test_mystring test7                 : 0   of 3  
-------------------------------------------------
CS240: Lab 2. arayabha Mon Sep 7 19:46:36 EDT 2015  Total:  6 of 21



-------------------------------------------------
CS240: Lab 2. arayabha   
Mon Sep  7 19:49:44 EDT 2015
-------------------------------------------------
test_mystring test1                 : 3   of 3  
test_mystring test2                 : 3   of 3  
test_mystring test3                 : 0   of 3  
test_mystring test4                 : 0   of 3  
test_mystring test5                 : 0   of 3  
test_mystring test6                 : 0   of 3  
test_mystring test7                 : 0   of 3  
-------------------------------------------------
CS240: Lab 2. arayabha Mon Sep 7 19:49:45 EDT 2015  Total:  6 of 21



-------------------------------------------------
CS240: Lab 2. arayabha   
Mon Sep  7 19:50:27 EDT 2015
-------------------------------------------------
test_mystring test1                 : 3   of 3  
test_mystring test2                 : 3   of 3  
test_mystring test3                 : 0   of 3  
test_mystring test4                 : 0   of 3  
test_mystring test5                 : 0   of 3  
test_mystring test6                 : 0   of 3  
test_mystring test7                 : 0   of 3  
-------------------------------------------------
CS240: Lab 2. arayabha Mon Sep 7 19:50:27 EDT 2015  Total:  6 of 21



-------------------------------------------------
CS240: Lab 2. arayabha   
Mon Sep  7 19:53:47 EDT 2015
-------------------------------------------------
test_mystring test1                 : 3   of 3  
test_mystring test2                 : 3   of 3  
test_mystring test3                 : 0   of 3  
test_mystring test4                 : 0   of 3  
test_mystring test5                 : 0   of 3  
test_mystring test6                 : 0   of 3  
test_mystring test7                 : 0   of 3  
-------------------------------------------------
CS240: Lab 2. arayabha Mon Sep 7 19:53:47 EDT 2015  Total:  6 of 21



-------------------------------------------------
CS240: Lab 2. arayabha   
Mon Sep  7 19:57:12 EDT 2015
-------------------------------------------------
test_mystring test1                 : 3   of 3  
test_mystring test2                 : 3   of 3  
test_mystring test3                 : 0   of 3  
test_mystring test4                 : 0   of 3  
test_mystring test5                 : 0   of 3  
test_mystring test6                 : 0   of 3  
test_mystring test7                 : 0   of 3  
-------------------------------------------------
CS240: Lab 2. arayabha Mon Sep 7 19:57:12 EDT 2015  Total:  6 of 21



-------------------------------------------------
CS240: Lab 2. arayabha   
Mon Sep  7 19:59:43 EDT 2015
-------------------------------------------------
test_mystring test1                 : 3   of 3  
test_mystring test2                 : 3   of 3  
test_mystring test3                 : 0   of 3  
test_mystring test4                 : 0   of 3  
test_mystring test5                 : 0   of 3  
test_mystring test6                 : 0   of 3  
test_mystring test7                 : 0   of 3  
-------------------------------------------------
CS240: Lab 2. arayabha Mon Sep 7 19:59:43 EDT 2015  Total:  6 of 21



-------------------------------------------------
CS240: Lab 2. arayabha   
Mon Sep  7 20:04:55 EDT 2015
-------------------------------------------------
test_mystring test1                 : 3   of 3  
test_mystring test2                 : 3   of 3  
test_mystring test3                 : 0   of 3  
test_mystring test4                 : 0   of 3  
test_mystring test5                 : 0   of 3  
test_mystring test6                 : 0   of 3  
test_mystring test7                 : 0   of 3  
-------------------------------------------------
CS240: Lab 2. arayabha Mon Sep 7 20:04:55 EDT 2015  Total:  6 of 21



-------------------------------------------------
CS240: Lab 2. arayabha   
Mon Sep  7 20:08:29 EDT 2015
-------------------------------------------------
test_mystring test1                 : 3   of 3  
test_mystring test2                 : 3   of 3  
test_mystring test3                 : 0   of 3  
test_mystring test4                 : 3   of 3  
test_mystring test5                 : 0   of 3  
test_mystring test6                 : 0   of 3  
test_mystring test7                 : 0   of 3  
-------------------------------------------------
CS240: Lab 2. arayabha Mon Sep 7 20:08:29 EDT 2015  Total:  9 of 21



-------------------------------------------------
CS240: Lab 2. arayabha   
Mon Sep  7 20:13:47 EDT 2015
-------------------------------------------------
test_mystring test1                 : 3   of 3  
test_mystring test2                 : 3   of 3  
test_mystring test3                 : 0   of 3  
test_mystring test4                 : 0   of 3  
test_mystring test5                 : 0   of 3  
test_mystring test6                 : 0   of 3  
test_mystring test7                 : 0   of 3  
-------------------------------------------------
CS240: Lab 2. arayabha Mon Sep 7 20:13:47 EDT 2015  Total:  6 of 21



-------------------------------------------------
CS240: Lab 2. arayabha   
Mon Sep  7 20:17:12 EDT 2015
-------------------------------------------------
test_mystring test1                 : 3   of 3  
test_mystring test2                 : 3   of 3  
test_mystring test3                 : 0   of 3  
test_mystring test4                 : 0   of 3  
test_mystring test5                 : 0   of 3  
test_mystring test6                 : 0   of 3  
test_mystring test7                 : 0   of 3  
-------------------------------------------------
CS240: Lab 2. arayabha Mon Sep 7 20:17:12 EDT 2015  Total:  6 of 21



-------------------------------------------------
CS240: Lab 2. arayabha   
Mon Sep  7 20:23:25 EDT 2015
-------------------------------------------------
test_mystring test1                 : 3   of 3  
test_mystring test2                 : 3   of 3  
test_mystring test3                 : 0   of 3  
test_mystring test4                 : 0   of 3  
test_mystring test5                 : 0   of 3  
test_mystring test6                 : 0   of 3  
test_mystring test7                 : 0   of 3  
-------------------------------------------------
CS240: Lab 2. arayabha Mon Sep 7 20:23:25 EDT 2015  Total:  6 of 21



-------------------------------------------------
CS240: Lab 2. arayabha   
Mon Sep  7 20:45:17 EDT 2015
-------------------------------------------------
test_mystring test1                 : 3   of 3  
test_mystring test2                 : 0   of 3  
test_mystring test4                 : 0   of 3  
test_mystring test5                 : 0   of 3  
test_mystring test6                 : 0   of 3  
test_mystring test7                 : 0   of 3  
-------------------------------------------------
CS240: Lab 2. arayabha Mon Sep 7 20:45:17 EDT 2015  Total:  3 of 21



-------------------------------------------------
CS240: Lab 2. arayabha   
Mon Sep  7 20:52:09 EDT 2015
-------------------------------------------------
test_mystring test1                 : 3   of 3  
test_mystring test2                 : 0   of 3  
test_mystring test3                 : 0   of 3  
test_mystring test4                 : 0   of 3  
test_mystring test5                 : 0   of 3  
test_mystring test6                 : 0   of 3  
test_mystring test7                 : 0   of 3  
-------------------------------------------------
CS240: Lab 2. arayabha Mon Sep 7 20:52:09 EDT 2015  Total:  3 of 21



-------------------------------------------------
CS240: Lab 2. arayabha   
Mon Sep  7 20:57:57 EDT 2015
-------------------------------------------------
test_mystring test1                 : 3   of 3  
test_mystring test2                 : 3   of 3  
test_mystring test4                 : 0   of 3  
test_mystring test5                 : 0   of 3  
test_mystring test6                 : 0   of 3  
test_mystring test7                 : 0   of 3  
-------------------------------------------------
CS240: Lab 2. arayabha Mon Sep 7 20:57:57 EDT 2015  Total:  6 of 21



-------------------------------------------------
CS240: Lab 2. arayabha   
Mon Sep  7 21:07:37 EDT 2015
-------------------------------------------------
test_mystring test1                 : 3   of 3  
test_mystring test2                 : 3   of 3  
test_mystring test4                 : 0   of 3  
test_mystring test5                 : 0   of 3  
test_mystring test6                 : 3   of 3  
test_mystring test7                 : 0   of 3  
-------------------------------------------------
CS240: Lab 2. arayabha Mon Sep 7 21:07:37 EDT 2015  Total:  9 of 21



-------------------------------------------------
CS240: Lab 2. arayabha   
Mon Sep  7 21:22:38 EDT 2015
-------------------------------------------------
test_mystring test1                 : 3   of 3  
test_mystring test2                 : 3   of 3  
test_mystring test4                 : 0   of 3  
test_mystring test5                 : 0   of 3  
test_mystring test6                 : 3   of 3  
test_mystring test7                 : 3   of 3  
-------------------------------------------------
CS240: Lab 2. arayabha Mon Sep 7 21:22:38 EDT 2015  Total:  12 of 21



-------------------------------------------------
CS240: Lab 2. arayabha   
Mon Sep  7 21:25:22 EDT 2015
-------------------------------------------------
test_mystring test1                 : 3   of 3  
test_mystring test2                 : 3   of 3  
test_mystring test4                 : 0   of 3  
test_mystring test5                 : 0   of 3  
test_mystring test6                 : 3   of 3  
test_mystring test7                 : 3   of 3  
-------------------------------------------------
CS240: Lab 2. arayabha Mon Sep 7 21:25:22 EDT 2015  Total:  12 of 21



-------------------------------------------------
CS240: Lab 2. arayabha   
Mon Sep  7 21:27:13 EDT 2015
-------------------------------------------------
test_mystring test1                 : 3   of 3  
test_mystring test2                 : 3   of 3  
test_mystring test4                 : 0   of 3  
test_mystring test5                 : 0   of 3  
test_mystring test6                 : 3   of 3  
test_mystring test7                 : 3   of 3  
-------------------------------------------------
CS240: Lab 2. arayabha Mon Sep 7 21:27:13 EDT 2015  Total:  12 of 21



-------------------------------------------------
CS240: Lab 2. arayabha   
Mon Sep  7 21:49:02 EDT 2015
-------------------------------------------------
test_mystring test1                 : 3   of 3  
test_mystring test2                 : 3   of 3  
test_mystring test4                 : 0   of 3  
test_mystring test5                 : 0   of 3  
test_mystring test6                 : 3   of 3  
test_mystring test7                 : 3   of 3  
-------------------------------------------------
CS240: Lab 2. arayabha Mon Sep 7 21:49:02 EDT 2015  Total:  12 of 21



-------------------------------------------------
CS240: Lab 2. arayabha   
Mon Sep  7 21:51:03 EDT 2015
-------------------------------------------------
test_mystring test1                 : 3   of 3  
test_mystring test2                 : 3   of 3  
test_mystring test4                 : 0   of 3  
test_mystring test5                 : 0   of 3  
test_mystring test6                 : 3   of 3  
test_mystring test7                 : 3   of 3  
-------------------------------------------------
CS240: Lab 2. arayabha Mon Sep 7 21:51:03 EDT 2015  Total:  12 of 21



-------------------------------------------------
CS240: Lab 2. arayabha   
Mon Sep  7 21:52:10 EDT 2015
-------------------------------------------------
test_mystring test1                 : 3   of 3  
test_mystring test2                 : 3   of 3  
test_mystring test4                 : 0   of 3  
test_mystring test5                 : 0   of 3  
test_mystring test6                 : 3   of 3  
test_mystring test7                 : 3   of 3  
-------------------------------------------------
CS240: Lab 2. arayabha Mon Sep 7 21:52:10 EDT 2015  Total:  12 of 21



-------------------------------------------------
CS240: Lab 2. arayabha   
Mon Sep  7 21:53:44 EDT 2015
-------------------------------------------------
test_mystring test1                 : 3   of 3  
test_mystring test2                 : 3   of 3  
test_mystring test4                 : 0   of 3  
test_mystring test5                 : 0   of 3  
test_mystring test6                 : 3   of 3  
test_mystring test7                 : 3   of 3  
-------------------------------------------------
CS240: Lab 2. arayabha Mon Sep 7 21:53:44 EDT 2015  Total:  12 of 21



-------------------------------------------------
CS240: Lab 2. arayabha   
Mon Sep  7 22:08:30 EDT 2015
-------------------------------------------------
test_mystring test1                 : 3   of 3  
test_mystring test2                 : 3   of 3  
test_mystring test4                 : 0   of 3  
test_mystring test5                 : 0   of 3  
test_mystring test6                 : 3   of 3  
test_mystring test7                 : 3   of 3  
-------------------------------------------------
CS240: Lab 2. arayabha Mon Sep 7 22:08:30 EDT 2015  Total:  12 of 21



-------------------------------------------------
CS240: Lab 2. arayabha   
Mon Sep  7 22:09:51 EDT 2015
-------------------------------------------------
test_mystring test1                 : 3   of 3  
test_mystring test2                 : 3   of 3  
test_mystring test4                 : 0   of 3  
test_mystring test5                 : 0   of 3  
test_mystring test6                 : 3   of 3  
test_mystring test7                 : 3   of 3  
-------------------------------------------------
CS240: Lab 2. arayabha Mon Sep 7 22:09:51 EDT 2015  Total:  12 of 21



-------------------------------------------------
CS240: Lab 2. arayabha   
Mon Sep  7 22:12:16 EDT 2015
-------------------------------------------------
test_mystring test1                 : 3   of 3  
test_mystring test2                 : 3   of 3  
test_mystring test4                 : 0   of 3  
test_mystring test5                 : 0   of 3  
test_mystring test6                 : 3   of 3  
test_mystring test7                 : 3   of 3  
-------------------------------------------------
CS240: Lab 2. arayabha Mon Sep 7 22:12:16 EDT 2015  Total:  12 of 21



-------------------------------------------------
CS240: Lab 2. arayabha   
Mon Sep  7 22:13:15 EDT 2015
-------------------------------------------------
test_mystring test1                 : 3   of 3  
test_mystring test2                 : 3   of 3  
test_mystring test4                 : 0   of 3  
test_mystring test5                 : 0   of 3  
test_mystring test6                 : 3   of 3  
test_mystring test7                 : 3   of 3  
-------------------------------------------------
CS240: Lab 2. arayabha Mon Sep 7 22:13:15 EDT 2015  Total:  12 of 21



-------------------------------------------------
CS240: Lab 2. arayabha   
Mon Sep  7 22:15:37 EDT 2015
-------------------------------------------------
test_mystring test1                 : 3   of 3  
test_mystring test2                 : 3   of 3  
test_mystring test4                 : 0   of 3  
test_mystring test5                 : 0   of 3  
test_mystring test6                 : 3   of 3  
test_mystring test7                 : 3   of 3  
-------------------------------------------------
CS240: Lab 2. arayabha Mon Sep 7 22:15:37 EDT 2015  Total:  12 of 21



-------------------------------------------------
CS240: Lab 2. arayabha   
Mon Sep  7 22:20:18 EDT 2015
-------------------------------------------------
test_mystring test1                 : 3   of 3  
test_mystring test2                 : 3   of 3  
test_mystring test4                 : 3   of 3  
test_mystring test5                 : 0   of 3  
test_mystring test6                 : 3   of 3  
test_mystring test7                 : 3   of 3  
-------------------------------------------------
CS240: Lab 2. arayabha Mon Sep 7 22:20:18 EDT 2015  Total:  15 of 21



-------------------------------------------------
CS240: Lab 2. arayabha   
Mon Sep  7 22:30:03 EDT 2015
-------------------------------------------------
test_mystring test1                 : 3   of 3  
test_mystring test2                 : 3   of 3  
test_mystring test4                 : 3   of 3  
test_mystring test5                 : 0   of 3  
test_mystring test6                 : 3   of 3  
test_mystring test7                 : 3   of 3  
-------------------------------------------------
CS240: Lab 2. arayabha Mon Sep 7 22:30:03 EDT 2015  Total:  15 of 21



-------------------------------------------------
CS240: Lab 2. arayabha   
Mon Sep  7 22:36:06 EDT 2015
-------------------------------------------------
test_mystring test1                 : 3   of 3  
test_mystring test2                 : 3   of 3  
test_mystring test4                 : 3   of 3  
test_mystring test5                 : 0   of 3  
test_mystring test6                 : 3   of 3  
test_mystring test7                 : 3   of 3  
-------------------------------------------------
CS240: Lab 2. arayabha Mon Sep 7 22:36:06 EDT 2015  Total:  15 of 21



-------------------------------------------------
CS240: Lab 2. arayabha   
Mon Sep  7 22:38:14 EDT 2015
-------------------------------------------------
test_mystring test1                 : 3   of 3  
test_mystring test2                 : 3   of 3  
test_mystring test4                 : 3   of 3  
test_mystring test5                 : 0   of 3  
test_mystring test6                 : 3   of 3  
test_mystring test7                 : 3   of 3  
-------------------------------------------------
CS240: Lab 2. arayabha Mon Sep 7 22:38:14 EDT 2015  Total:  15 of 21



-------------------------------------------------
CS240: Lab 2. arayabha   
Mon Sep  7 22:39:33 EDT 2015
-------------------------------------------------
test_mystring test1                 : 3   of 3  
test_mystring test2                 : 3   of 3  
test_mystring test4                 : 3   of 3  
test_mystring test5                 : 0   of 3  
test_mystring test6                 : 3   of 3  
test_mystring test7                 : 3   of 3  
-------------------------------------------------
CS240: Lab 2. arayabha Mon Sep 7 22:39:33 EDT 2015  Total:  15 of 21



-------------------------------------------------
CS240: Lab 2. arayabha   
Mon Sep  7 22:43:53 EDT 2015
-------------------------------------------------
test_mystring test1                 : 3   of 3  
test_mystring test2                 : 3   of 3  
test_mystring test4                 : 3   of 3  
test_mystring test5                 : 0   of 3  
test_mystring test6                 : 3   of 3  
test_mystring test7                 : 3   of 3  
-------------------------------------------------
CS240: Lab 2. arayabha Mon Sep 7 22:43:53 EDT 2015  Total:  15 of 21



-------------------------------------------------
CS240: Lab 2. arayabha   
Mon Sep  7 23:06:02 EDT 2015
-------------------------------------------------
test_mystring test1                 : 3   of 3  
test_mystring test2                 : 3   of 3  
test_mystring test3                 : 0   of 3  
test_mystring test4                 : 3   of 3  
test_mystring test5                 : 0   of 3  
test_mystring test6                 : 3   of 3  
test_mystring test7                 : 3   of 3  
-------------------------------------------------
CS240: Lab 2. arayabha Mon Sep 7 23:06:02 EDT 2015  Total:  15 of 21



-------------------------------------------------
CS240: Lab 2. arayabha   
Mon Sep  7 23:11:03 EDT 2015
-------------------------------------------------
test_mystring test1                 : 3   of 3  
test_mystring test2                 : 3   of 3  
test_mystring test3                 : 0   of 3  
test_mystring test4                 : 3   of 3  
test_mystring test5                 : 0   of 3  
test_mystring test6                 : 3   of 3  
test_mystring test7                 : 3   of 3  
-------------------------------------------------
CS240: Lab 2. arayabha Mon Sep 7 23:11:03 EDT 2015  Total:  15 of 21



-------------------------------------------------
CS240: Lab 2. arayabha   
Mon Sep  7 23:12:04 EDT 2015
-------------------------------------------------
test_mystring test1                 : 3   of 3  
test_mystring test2                 : 3   of 3  
test_mystring test3                 : 0   of 3  
test_mystring test4                 : 3   of 3  
test_mystring test5                 : 0   of 3  
test_mystring test6                 : 3   of 3  
test_mystring test7                 : 3   of 3  
-------------------------------------------------
CS240: Lab 2. arayabha Mon Sep 7 23:12:04 EDT 2015  Total:  15 of 21



-------------------------------------------------
CS240: Lab 2. arayabha   
Mon Sep  7 23:13:17 EDT 2015
-------------------------------------------------
test_mystring test1                 : 3   of 3  
test_mystring test2                 : 3   of 3  
test_mystring test3                 : 0   of 3  
test_mystring test4                 : 3   of 3  
test_mystring test5                 : 0   of 3  
test_mystring test6                 : 3   of 3  
test_mystring test7                 : 3   of 3  
-------------------------------------------------
CS240: Lab 2. arayabha Mon Sep 7 23:13:17 EDT 2015  Total:  15 of 21



-------------------------------------------------
CS240: Lab 2. arayabha   
Mon Sep  7 23:14:33 EDT 2015
-------------------------------------------------
test_mystring test1                 : 3   of 3  
test_mystring test2                 : 3   of 3  
test_mystring test3                 : 0   of 3  
test_mystring test4                 : 3   of 3  
test_mystring test5                 : 0   of 3  
test_mystring test6                 : 3   of 3  
test_mystring test7                 : 3   of 3  
-------------------------------------------------
CS240: Lab 2. arayabha Mon Sep 7 23:14:33 EDT 2015  Total:  15 of 21



-------------------------------------------------
CS240: Lab 2. arayabha   
Mon Sep  7 23:15:47 EDT 2015
-------------------------------------------------
test_mystring test1                 : 3   of 3  
test_mystring test2                 : 3   of 3  
test_mystring test3                 : 3   of 3  
test_mystring test4                 : 3   of 3  
test_mystring test5                 : 0   of 3  
test_mystring test6                 : 3   of 3  
test_mystring test7                 : 3   of 3  
-------------------------------------------------
CS240: Lab 2. arayabha Mon Sep 7 23:15:47 EDT 2015  Total:  18 of 21



-------------------------------------------------
CS240: Lab 2. arayabha   
Tue Sep  8 09:04:01 EDT 2015
-------------------------------------------------
test_mystring test1                 : 3   of 3  
test_mystring test2                 : 3   of 3  
test_mystring test3                 : 3   of 3  
test_mystring test4                 : 3   of 3  
test_mystring test5                 : 0   of 3  
test_mystring test6                 : 3   of 3  
test_mystring test7                 : 3   of 3  
-------------------------------------------------
CS240: Lab 2. arayabha Tue Sep 8 09:04:02 EDT 2015  Total:  18 of 21



-------------------------------------------------
CS240: Lab 2. arayabha   
Tue Sep  8 09:04:22 EDT 2015
-------------------------------------------------
test_mystring test1                 : 3   of 3  
test_mystring test2                 : 3   of 3  
test_mystring test3                 : 3   of 3  
test_mystring test4                 : 3   of 3  
test_mystring test5                 : 0   of 3  
test_mystring test6                 : 3   of 3  
test_mystring test7                 : 3   of 3  
-------------------------------------------------
CS240: Lab 2. arayabha Tue Sep 8 09:04:22 EDT 2015  Total:  18 of 21



-------------------------------------------------
CS240: Lab 2. arayabha   
Tue Sep  8 11:47:36 EDT 2015
-------------------------------------------------
test_mystring test1                 : 3   of 3  
test_mystring test2                 : 3   of 3  
test_mystring test3                 : 3   of 3  
test_mystring test4                 : 3   of 3  
test_mystring test5                 : 0   of 3  
test_mystring test6                 : 3   of 3  
test_mystring test7                 : 3   of 3  
-------------------------------------------------
CS240: Lab 2. arayabha Tue Sep 8 11:47:36 EDT 2015  Total:  18 of 21



-------------------------------------------------
CS240: Lab 2. arayabha   
Tue Sep  8 12:05:21 EDT 2015
-------------------------------------------------
test_mystring test1                 : 3   of 3  
test_mystring test2                 : 3   of 3  
test_mystring test3                 : 3   of 3  
test_mystring test4                 : 3   of 3  
test_mystring test5                 : 0   of 3  
test_mystring test6                 : 3   of 3  
test_mystring test7                 : 3   of 3  
-------------------------------------------------
CS240: Lab 2. arayabha Tue Sep 8 12:05:21 EDT 2015  Total:  18 of 21



-------------------------------------------------
CS240: Lab 2. arayabha   
Tue Sep  8 12:05:46 EDT 2015
-------------------------------------------------
test_mystring test1                 : 3   of 3  
test_mystring test2                 : 3   of 3  
test_mystring test3                 : 3   of 3  
test_mystring test4                 : 3   of 3  
test_mystring test5                 : 0   of 3  
test_mystring test6                 : 3   of 3  
test_mystring test7                 : 3   of 3  
-------------------------------------------------
CS240: Lab 2. arayabha Tue Sep 8 12:05:46 EDT 2015  Total:  18 of 21



-------------------------------------------------
CS240: Lab 2. arayabha   
Tue Sep  8 12:13:10 EDT 2015
-------------------------------------------------
test_mystring test1                 : 3   of 3  
test_mystring test2                 : 3   of 3  
test_mystring test3                 : 3   of 3  
test_mystring test4                 : 3   of 3  
test_mystring test5                 : 0   of 3  
test_mystring test6                 : 3   of 3  
test_mystring test7                 : 3   of 3  
-------------------------------------------------
CS240: Lab 2. arayabha Tue Sep 8 12:13:10 EDT 2015  Total:  18 of 21



-------------------------------------------------
CS240: Lab 2. arayabha   
Tue Sep  8 12:15:30 EDT 2015
-------------------------------------------------
test_mystring test1                 : 3   of 3  
test_mystring test2                 : 3   of 3  
test_mystring test3                 : 3   of 3  
test_mystring test4                 : 3   of 3  
test_mystring test5                 : 0   of 3  
test_mystring test6                 : 3   of 3  
test_mystring test7                 : 3   of 3  
-------------------------------------------------
CS240: Lab 2. arayabha Tue Sep 8 12:15:30 EDT 2015  Total:  18 of 21



-------------------------------------------------
CS240: Lab 2. arayabha   
Tue Sep  8 12:16:56 EDT 2015
-------------------------------------------------
test_mystring test1                 : 3   of 3  
test_mystring test2                 : 3   of 3  
test_mystring test3                 : 3   of 3  
test_mystring test4                 : 3   of 3  
test_mystring test5                 : 0   of 3  
test_mystring test6                 : 3   of 3  
test_mystring test7                 : 3   of 3  
-------------------------------------------------
CS240: Lab 2. arayabha Tue Sep 8 12:16:56 EDT 2015  Total:  18 of 21



-------------------------------------------------
CS240: Lab 2. arayabha   
Tue Sep  8 12:17:12 EDT 2015
-------------------------------------------------
test_mystring test1                 : 3   of 3  
test_mystring test2                 : 3   of 3  
test_mystring test3                 : 3   of 3  
test_mystring test4                 : 3   of 3  
test_mystring test5                 : 0   of 3  
test_mystring test6                 : 3   of 3  
test_mystring test7                 : 3   of 3  
-------------------------------------------------
CS240: Lab 2. arayabha Tue Sep 8 12:17:12 EDT 2015  Total:  18 of 21



-------------------------------------------------
CS240: Lab 2. arayabha   
Tue Sep  8 12:26:15 EDT 2015
-------------------------------------------------
test_mystring test1                 : 3   of 3  
test_mystring test2                 : 3   of 3  
test_mystring test3                 : 3   of 3  
test_mystring test4                 : 3   of 3  
test_mystring test5                 : 0   of 3  
test_mystring test6                 : 3   of 3  
test_mystring test7                 : 3   of 3  
-------------------------------------------------
CS240: Lab 2. arayabha Tue Sep 8 12:26:15 EDT 2015  Total:  18 of 21



-------------------------------------------------
CS240: Lab 2. arayabha   
Tue Sep  8 12:28:09 EDT 2015
-------------------------------------------------
test_mystring test1                 : 3   of 3  
test_mystring test2                 : 3   of 3  
test_mystring test3                 : 3   of 3  
test_mystring test4                 : 3   of 3  
test_mystring test5                 : 0   of 3  
test_mystring test6                 : 3   of 3  
test_mystring test7                 : 3   of 3  
-------------------------------------------------
CS240: Lab 2. arayabha Tue Sep 8 12:28:09 EDT 2015  Total:  18 of 21



-------------------------------------------------
CS240: Lab 2. arayabha   
Tue Sep  8 12:30:14 EDT 2015
-------------------------------------------------
test_mystring test1                 : 3   of 3  
test_mystring test2                 : 3   of 3  
test_mystring test3                 : 3   of 3  
test_mystring test4                 : 3   of 3  
test_mystring test5                 : 0   of 3  
test_mystring test6                 : 3   of 3  
test_mystring test7                 : 3   of 3  
-------------------------------------------------
CS240: Lab 2. arayabha Tue Sep 8 12:30:14 EDT 2015  Total:  18 of 21



-------------------------------------------------
CS240: Lab 2. arayabha   
Tue Sep  8 12:31:39 EDT 2015
-------------------------------------------------
test_mystring test1                 : 3   of 3  
test_mystring test2                 : 3   of 3  
test_mystring test3                 : 3   of 3  
test_mystring test4                 : 3   of 3  
test_mystring test5                 : 0   of 3  
test_mystring test6                 : 3   of 3  
test_mystring test7                 : 3   of 3  
-------------------------------------------------
CS240: Lab 2. arayabha Tue Sep 8 12:31:39 EDT 2015  Total:  18 of 21



-------------------------------------------------
CS240: Lab 2. arayabha   
Tue Sep  8 12:32:43 EDT 2015
-------------------------------------------------
test_mystring test1                 : 3   of 3  
test_mystring test2                 : 3   of 3  
test_mystring test3                 : 3   of 3  
test_mystring test4                 : 3   of 3  
test_mystring test5                 : 0   of 3  
test_mystring test6                 : 3   of 3  
test_mystring test7                 : 3   of 3  
-------------------------------------------------
CS240: Lab 2. arayabha Tue Sep 8 12:32:43 EDT 2015  Total:  18 of 21



-------------------------------------------------
CS240: Lab 2. arayabha   
Tue Sep  8 12:33:17 EDT 2015
-------------------------------------------------
test_mystring test1                 : 3   of 3  
test_mystring test2                 : 3   of 3  
test_mystring test3                 : 3   of 3  
test_mystring test4                 : 3   of 3  
test_mystring test5                 : 0   of 3  
test_mystring test6                 : 3   of 3  
test_mystring test7                 : 3   of 3  
-------------------------------------------------
CS240: Lab 2. arayabha Tue Sep 8 12:33:17 EDT 2015  Total:  18 of 21



-------------------------------------------------
CS240: Lab 2. arayabha   
Tue Sep  8 12:34:14 EDT 2015
-------------------------------------------------
test_mystring test1                 : 3   of 3  
test_mystring test2                 : 3   of 3  
test_mystring test3                 : 3   of 3  
test_mystring test4                 : 3   of 3  
test_mystring test5                 : 0   of 3  
test_mystring test6                 : 3   of 3  
test_mystring test7                 : 3   of 3  
-------------------------------------------------
CS240: Lab 2. arayabha Tue Sep 8 12:34:14 EDT 2015  Total:  18 of 21



-------------------------------------------------
CS240: Lab 2. arayabha   
Tue Sep  8 12:36:00 EDT 2015
-------------------------------------------------
test_mystring test1                 : 3   of 3  
test_mystring test2                 : 3   of 3  
test_mystring test3                 : 3   of 3  
test_mystring test4                 : 3   of 3  
test_mystring test5                 : 0   of 3  
test_mystring test6                 : 3   of 3  
test_mystring test7                 : 3   of 3  
-------------------------------------------------
CS240: Lab 2. arayabha Tue Sep 8 12:36:00 EDT 2015  Total:  18 of 21



-------------------------------------------------
CS240: Lab 2. arayabha   
Tue Sep  8 12:37:36 EDT 2015
-------------------------------------------------
test_mystring test1                 : 3   of 3  
test_mystring test2                 : 3   of 3  
test_mystring test3                 : 3   of 3  
test_mystring test4                 : 3   of 3  
test_mystring test5                 : 3   of 3  
test_mystring test6                 : 3   of 3  
test_mystring test7                 : 3   of 3  
-------------------------------------------------
CS240: Lab 2. arayabha Tue Sep 8 12:37:36 EDT 2015  Total:  21 of 21



-------------------------------------------------
CS240: Lab 2. arayabha   
Tue Sep  8 12:46:32 EDT 2015
-------------------------------------------------
test_mystring test1                 : 3   of 3  
test_mystring test2                 : 3   of 3  
test_mystring test3                 : 3   of 3  
test_mystring test4                 : 3   of 3  
test_mystring test5                 : 3   of 3  
test_mystring test6                 : 3   of 3  
test_mystring test7                 : 3   of 3  
-------------------------------------------------
CS240: Lab 2. arayabha Tue Sep 8 12:46:32 EDT 2015  Total:  21 of 21



-------------------------------------------------
CS240: Lab 2. arayabha   
Sat Sep 19 15:24:15 EDT 2015
-------------------------------------------------
test_mystring test1                 : 3   of 3  
test_mystring test2                 : 3   of 3  
test_mystring test3                 : 3   of 3  
test_mystring test4                 : 3   of 3  
test_mystring test5                 : 3   of 3  
test_mystring test6                 : 3   of 3  
test_mystring test7                 : 3   of 3  
-------------------------------------------------
CS240: Lab 2. arayabha Sat Sep 19 15:24:15 EDT 2015  Total:  21 of 21



-------------------------------------------------
CS240: Lab 2. arayabha   
Sat Sep 19 15:53:49 EDT 2015
-------------------------------------------------
test_mystring test1                 : 3   of 3  
test_mystring test2                 : 3   of 3  
test_mystring test3                 : 3   of 3  
test_mystring test4                 : 3   of 3  
test_mystring test5                 : 3   of 3  
test_mystring test6                 : 3   of 3  
test_mystring test7                 : 3   of 3  
-------------------------------------------------
CS240: Lab 2. arayabha Sat Sep 19 15:53:49 EDT 2015  Total:  21 of 21



-------------------------------------------------
CS240: Lab 2. arayabha   
Sat Sep 19 16:20:45 EDT 2015
-------------------------------------------------
test_mystring test1                 : 3   of 3  
test_mystring test2                 : 3   of 3  
test_mystring test3                 : 3   of 3  
test_mystring test4                 : 3   of 3  
test_mystring test5                 : 3   of 3  
test_mystring test6                 : 3   of 3  
test_mystring test7                 : 3   of 3  
-------------------------------------------------
CS240: Lab 2. arayabha Sat Sep 19 16:20:45 EDT 2015  Total:  21 of 21



-------------------------------------------------
CS240: Lab 2. arayabha   
Sat Sep 19 16:24:54 EDT 2015
-------------------------------------------------
test_mystring test1                 : 3   of 3  
test_mystring test2                 : 3   of 3  
test_mystring test3                 : 3   of 3  
test_mystring test4                 : 3   of 3  
test_mystring test5                 : 3   of 3  
test_mystring test6                 : 3   of 3  
test_mystring test7                 : 3   of 3  
-------------------------------------------------
CS240: Lab 2. arayabha Sat Sep 19 16:24:54 EDT 2015  Total:  21 of 21



-------------------------------------------------
CS240: Lab 2. arayabha   
Sat Sep 19 16:26:00 EDT 2015
-------------------------------------------------
test_mystring test1                 : 3   of 3  
test_mystring test2                 : 3   of 3  
test_mystring test3                 : 3   of 3  
test_mystring test4                 : 3   of 3  
test_mystring test5                 : 3   of 3  
test_mystring test6                 : 3   of 3  
test_mystring test7                 : 3   of 3  
-------------------------------------------------
CS240: Lab 2. arayabha Sat Sep 19 16:26:00 EDT 2015  Total:  21 of 21



-------------------------------------------------
CS240: Lab 2. arayabha   
Sat Sep 19 22:56:00 EDT 2015
-------------------------------------------------
test_mystring test1                 : 3   of 3  
test_mystring test2                 : 3   of 3  
test_mystring test3                 : 3   of 3  
test_mystring test4                 : 0   of 3  
test_mystring test5                 : 3   of 3  
test_mystring test6                 : 3   of 3  
test_mystring test7                 : 3   of 3  
-------------------------------------------------
CS240: Lab 2. arayabha Sat Sep 19 22:56:00 EDT 2015  Total:  18 of 21



-------------------------------------------------
CS240: Lab 2. arayabha   
Sat Sep 19 22:56:33 EDT 2015
-------------------------------------------------
test_mystring test1                 : 3   of 3  
test_mystring test2                 : 3   of 3  
test_mystring test3                 : 3   of 3  
test_mystring test4                 : 3   of 3  
test_mystring test5                 : 3   of 3  
test_mystring test6                 : 3   of 3  
test_mystring test7                 : 3   of 3  
-------------------------------------------------
CS240: Lab 2. arayabha Sat Sep 19 22:56:33 EDT 2015  Total:  21 of 21



-------------------------------------------------
CS240: Lab 2. arayabha   
Sun Sep 20 11:23:06 EDT 2015
-------------------------------------------------
test_mystring test1                 : 3   of 3  
test_mystring test2                 : 3   of 3  
test_mystring test3                 : 3   of 3  
test_mystring test4                 : 3   of 3  
test_mystring test5                 : 3   of 3  
test_mystring test6                 : 3   of 3  
test_mystring test7                 : 3   of 3  
-------------------------------------------------
CS240: Lab 2. arayabha Sun Sep 20 11:23:06 EDT 2015  Total:  21 of 21



-------------------------------------------------
CS240: Lab 2. arayabha   
Sun Sep 20 11:26:04 EDT 2015
-------------------------------------------------
test_mystring test1                 : 3   of 3  
test_mystring test2                 : 3   of 3  
test_mystring test3                 : 3   of 3  
test_mystring test4                 : 3   of 3  
test_mystring test5                 : 0   of 3  
test_mystring test6                 : 3   of 3  
test_mystring test7                 : 3   of 3  
-------------------------------------------------
CS240: Lab 2. arayabha Sun Sep 20 11:26:04 EDT 2015  Total:  18 of 21



-------------------------------------------------
CS240: Lab 2. arayabha   
Sun Sep 20 11:26:50 EDT 2015
-------------------------------------------------
test_mystring test1                 : 3   of 3  
test_mystring test2                 : 3   of 3  
test_mystring test3                 : 3   of 3  
test_mystring test4                 : 3   of 3  
test_mystring test5                 : 0   of 3  
test_mystring test6                 : 3   of 3  
test_mystring test7                 : 3   of 3  
-------------------------------------------------
CS240: Lab 2. arayabha Sun Sep 20 11:26:50 EDT 2015  Total:  18 of 21



-------------------------------------------------
CS240: Lab 2. arayabha   
Sun Sep 20 11:27:38 EDT 2015
-------------------------------------------------
test_mystring test1                 : 3   of 3  
test_mystring test2                 : 3   of 3  
test_mystring test3                 : 3   of 3  
test_mystring test4                 : 3   of 3  
test_mystring test5                 : 3   of 3  
test_mystring test6                 : 3   of 3  
test_mystring test7                 : 3   of 3  
-------------------------------------------------
CS240: Lab 2. arayabha Sun Sep 20 11:27:38 EDT 2015  Total:  21 of 21



-------------------------------------------------
CS240: Lab 2. arayabha   
Sun Sep 20 12:07:31 EDT 2015
-------------------------------------------------
test_mystring test1                 : 3   of 3  
test_mystring test2                 : 3   of 3  
test_mystring test3                 : 3   of 3  
test_mystring test4                 : 3   of 3  
test_mystring test5                 : 3   of 3  
test_mystring test6                 : 3   of 3  
test_mystring test7                 : 3   of 3  
-------------------------------------------------
CS240: Lab 2. arayabha Sun Sep 20 12:07:31 EDT 2015  Total:  21 of 21



-------------------------------------------------
CS240: Lab 2. arayabha   
Thu Dec 10 02:13:01 EST 2015
-------------------------------------------------
test_mystring test1                 : 3   of 3  
test_mystring test2                 : 3   of 3  
test_mystring test3                 : 3   of 3  
test_mystring test4                 : 3   of 3  
test_mystring test5                 : 3   of 3  
test_mystring test6                 : 3   of 3  
test_mystring test7                 : 3   of 3  
-------------------------------------------------
CS240: Lab 2. arayabha Thu Dec 10 02:13:01 EST 2015  Total:  21 of 21



-------------------------------------------------
CS240: Lab 2. arayabha   
Fri Dec 11 17:21:23 EST 2015
-------------------------------------------------
test_mystring test1                 : 3   of 3  
test_mystring test2                 : 3   of 3  
test_mystring test3                 : 3   of 3  
test_mystring test4                 : 3   of 3  
test_mystring test5                 : 3   of 3  
test_mystring test6                 : 3   of 3  
test_mystring test7                 : 3   of 3  
-------------------------------------------------
CS240: Lab 2. arayabha Fri Dec 11 17:21:23 EST 2015  Total:  21 of 21



-------------------------------------------------
CS240: Lab 2. arayabha   
Fri Dec 11 17:24:08 EST 2015
-------------------------------------------------
test_mystring test1                 : 3   of 3  
test_mystring test2                 : 3   of 3  
test_mystring test3                 : 3   of 3  
test_mystring test4                 : 0   of 3  
test_mystring test5                 : 3   of 3  
test_mystring test6                 : 3   of 3  
test_mystring test7                 : 3   of 3  
-------------------------------------------------
CS240: Lab 2. arayabha Fri Dec 11 17:24:08 EST 2015  Total:  18 of 21



-------------------------------------------------
CS240: Lab 2. arayabha   
Fri Dec 11 17:24:33 EST 2015
-------------------------------------------------
test_mystring test1                 : 3   of 3  
test_mystring test2                 : 3   of 3  
test_mystring test3                 : 3   of 3  
test_mystring test4                 : 3   of 3  
test_mystring test5                 : 3   of 3  
test_mystring test6                 : 3   of 3  
test_mystring test7                 : 3   of 3  
-------------------------------------------------
CS240: Lab 2. arayabha Fri Dec 11 17:24:33 EST 2015  Total:  21 of 21



-------------------------------------------------
CS240: Lab 2. arayabha   
Fri Dec 11 18:25:33 EST 2015
-------------------------------------------------
test_mystring test1                 : 3   of 3  
test_mystring test2                 : 3   of 3  
test_mystring test3                 : 3   of 3  
test_mystring test4                 : 3   of 3  
test_mystring test5                 : 3   of 3  
test_mystring test6                 : 3   of 3  
test_mystring test7                 : 3   of 3  
-------------------------------------------------
CS240: Lab 2. arayabha Fri Dec 11 18:25:33 EST 2015  Total:  21 of 21



-------------------------------------------------
CS240: Lab 2. arayabha   
Fri Dec 11 19:44:43 EST 2015
-------------------------------------------------
test_mystring test1                 : 3   of 3  
test_mystring test2                 : 3   of 3  
test_mystring test3                 : 0   of 3  
test_mystring test4                 : 3   of 3  
test_mystring test5                 : 3   of 3  
test_mystring test6                 : 3   of 3  
test_mystring test7                 : 3   of 3  
-------------------------------------------------
CS240: Lab 2. arayabha Fri Dec 11 19:44:43 EST 2015  Total:  18 of 21



-------------------------------------------------
CS240: Lab 2. arayabha   
Fri Dec 11 19:44:57 EST 2015
-------------------------------------------------
test_mystring test1                 : 3   of 3  
test_mystring test2                 : 3   of 3  
test_mystring test3                 : 3   of 3  
test_mystring test4                 : 3   of 3  
test_mystring test5                 : 3   of 3  
test_mystring test6                 : 3   of 3  
test_mystring test7                 : 3   of 3  
-------------------------------------------------
CS240: Lab 2. arayabha Fri Dec 11 19:44:57 EST 2015  Total:  21 of 21



-------------------------------------------------
CS240: Lab 2. arayabha   
Fri Dec 11 19:53:13 EST 2015
-------------------------------------------------
test_mystring test1                 : 3   of 3  
test_mystring test2                 : 3   of 3  
test_mystring test3                 : 3   of 3  
test_mystring test4                 : 3   of 3  
test_mystring test5                 : 3   of 3  
test_mystring test6                 : 3   of 3  
test_mystring test7                 : 3   of 3  
-------------------------------------------------
CS240: Lab 2. arayabha Fri Dec 11 19:53:13 EST 2015  Total:  21 of 21



-------------------------------------------------
CS240: Lab 2. arayabha   
Fri Dec 11 23:16:39 EST 2015
-------------------------------------------------
test_mystring test1                 : 3   of 3  
test_mystring test2                 : 3   of 3  
test_mystring test3                 : 3   of 3  
test_mystring test4                 : 3   of 3  
test_mystring test5                 : 3   of 3  
test_mystring test6                 : 3   of 3  
test_mystring test7                 : 3   of 3  
-------------------------------------------------
CS240: Lab 2. arayabha Fri Dec 11 23:16:39 EST 2015  Total:  21 of 21



-------------------------------------------------
CS240: Lab 2. arayabha   
Sun Nov  6 16:58:11 EST 2016
-------------------------------------------------
test_mystring test1                 : 3   of 3  
test_mystring test2                 : 3   of 3  
test_mystring test3                 : 3   of 3  
test_mystring test4                 : 3   of 3  
test_mystring test5                 : 3   of 3  
test_mystring test6                 : 3   of 3  
test_mystring test7                 : 3   of 3  
-------------------------------------------------
CS240: Lab 2. arayabha Sun Nov 6 16:58:12 EST 2016  Total:  21 of 21

